g:\vs项目\汉诺塔\debug\vc140.pdb
g:\vs项目\汉诺塔\debug\vc140.idb
g:\vs项目\汉诺塔\debug\汉诺塔.obj
g:\vs项目\汉诺塔\debug\汉诺塔dlg.obj
g:\vs项目\汉诺塔\debug\汉诺塔.pch
g:\vs项目\汉诺塔\debug\stdafx.obj
g:\vs项目\汉诺塔\debug\汉诺塔.ilk
g:\vs项目\汉诺塔\debug\汉诺塔.exe
g:\vs项目\汉诺塔\debug\汉诺塔.pdb
g:\vs项目\汉诺塔\debug\汉诺塔.res
g:\vs项目\汉诺塔\.\debug\汉诺塔.exe
g:\vs项目\汉诺塔\debug\汉诺塔.tlog\cl.command.1.tlog
g:\vs项目\汉诺塔\debug\汉诺塔.tlog\cl.read.1.tlog
g:\vs项目\汉诺塔\debug\汉诺塔.tlog\cl.write.1.tlog
g:\vs项目\汉诺塔\debug\汉诺塔.tlog\link.command.1.tlog
g:\vs项目\汉诺塔\debug\汉诺塔.tlog\link.read.1.tlog
g:\vs项目\汉诺塔\debug\汉诺塔.tlog\link.write.1.tlog
g:\vs项目\汉诺塔\debug\汉诺塔.tlog\rc.command.1.tlog
g:\vs项目\汉诺塔\debug\汉诺塔.tlog\rc.read.1.tlog
g:\vs项目\汉诺塔\debug\汉诺塔.tlog\rc.write.1.tlog
